c:\users\pb\source\repos\pdbg\pdbg\debug\pdbg.pch
c:\users\pb\source\repos\pdbg\pdbg\debug\vc141.pdb
c:\users\pb\source\repos\pdbg\pdbg\debug\vc141.idb
c:\users\pb\source\repos\pdbg\pdbg\debug\stdafx.obj
c:\users\pb\source\repos\pdbg\pdbg\debug\pdbg.obj
c:\users\pb\source\repos\pdbg\pdbg\debug\debugger.obj
c:\users\pb\source\repos\pdbg\pdbg\debug\consolecontroller.obj
c:\users\pb\source\repos\pdbg\debug\pdbg.pdb
c:\users\pb\source\repos\pdbg\pdbg\debug\pdbg.tlog\cl.command.1.tlog
c:\users\pb\source\repos\pdbg\pdbg\debug\pdbg.tlog\cl.read.1.tlog
c:\users\pb\source\repos\pdbg\pdbg\debug\pdbg.tlog\cl.write.1.tlog
c:\users\pb\source\repos\pdbg\pdbg\debug\pdbg.tlog\link-cvtres.read.1.tlog
c:\users\pb\source\repos\pdbg\pdbg\debug\pdbg.tlog\link-cvtres.write.1.tlog
c:\users\pb\source\repos\pdbg\pdbg\debug\pdbg.tlog\link-rc.read.1.tlog
c:\users\pb\source\repos\pdbg\pdbg\debug\pdbg.tlog\link-rc.write.1.tlog
c:\users\pb\source\repos\pdbg\pdbg\debug\pdbg.tlog\link.4012-cvtres.read.1.tlog
c:\users\pb\source\repos\pdbg\pdbg\debug\pdbg.tlog\link.4012-cvtres.write.1.tlog
c:\users\pb\source\repos\pdbg\pdbg\debug\pdbg.tlog\link.4012-rc.read.1.tlog
c:\users\pb\source\repos\pdbg\pdbg\debug\pdbg.tlog\link.4012-rc.write.1.tlog
c:\users\pb\source\repos\pdbg\pdbg\debug\pdbg.tlog\link.4012.read.1.tlog
c:\users\pb\source\repos\pdbg\pdbg\debug\pdbg.tlog\link.4012.write.1.tlog
c:\users\pb\source\repos\pdbg\pdbg\debug\pdbg.tlog\link.command.1.tlog
c:\users\pb\source\repos\pdbg\pdbg\debug\pdbg.tlog\link.read.1.tlog
c:\users\pb\source\repos\pdbg\pdbg\debug\pdbg.tlog\link.write.1.tlog
