  ConsoleController.cpp
c:\program files\microsoft visual studio\2017\community\vc\tools\msvc\14.13.26128\include\memory(1858): error C2661: 'DebugEventHandler::DebugEventHandler': no overloaded function takes 2 arguments
  c:\program files\microsoft visual studio\2017\community\vc\tools\msvc\14.13.26128\include\memory(1922): note: see reference to function template instantiation 'std::_Ref_count_obj<_Ty>::_Ref_count_obj<std::shared_ptr<EventBus>&,std::shared_ptr<ResourceManager>&>(std::shared_ptr<EventBus> &,std::shared_ptr<ResourceManager> &)' being compiled
          with
          [
              _Ty=DebugEventHandler
          ]
  c:\program files\microsoft visual studio\2017\community\vc\tools\msvc\14.13.26128\include\memory(1923): note: see reference to function template instantiation 'std::_Ref_count_obj<_Ty>::_Ref_count_obj<std::shared_ptr<EventBus>&,std::shared_ptr<ResourceManager>&>(std::shared_ptr<EventBus> &,std::shared_ptr<ResourceManager> &)' being compiled
          with
          [
              _Ty=DebugEventHandler
          ]
  c:\users\pb\source\repos\pdbg\pdbg\debugger.h(25): note: see reference to function template instantiation 'std::shared_ptr<DebugEventHandler> std::make_shared<DebugEventHandler,std::shared_ptr<EventBus>&,std::shared_ptr<ResourceManager>&>(std::shared_ptr<EventBus> &,std::shared_ptr<ResourceManager> &)' being compiled
  DebugEventHandler.cpp
  Debugger.cpp
c:\users\pb\source\repos\pdbg\pdbg\debugger.cpp(94): error C3861: 'onBreakpointAdded': identifier not found
c:\users\pb\source\repos\pdbg\pdbg\debugger.cpp(103): error C3861: 'onError': identifier not found
  PDbg.cpp
c:\program files\microsoft visual studio\2017\community\vc\tools\msvc\14.13.26128\include\memory(1858): error C2661: 'DebugEventHandler::DebugEventHandler': no overloaded function takes 2 arguments
  c:\program files\microsoft visual studio\2017\community\vc\tools\msvc\14.13.26128\include\memory(1922): note: see reference to function template instantiation 'std::_Ref_count_obj<_Ty>::_Ref_count_obj<std::shared_ptr<EventBus>&,std::shared_ptr<ResourceManager>&>(std::shared_ptr<EventBus> &,std::shared_ptr<ResourceManager> &)' being compiled
          with
          [
              _Ty=DebugEventHandler
          ]
  c:\program files\microsoft visual studio\2017\community\vc\tools\msvc\14.13.26128\include\memory(1923): note: see reference to function template instantiation 'std::_Ref_count_obj<_Ty>::_Ref_count_obj<std::shared_ptr<EventBus>&,std::shared_ptr<ResourceManager>&>(std::shared_ptr<EventBus> &,std::shared_ptr<ResourceManager> &)' being compiled
          with
          [
              _Ty=DebugEventHandler
          ]
  c:\users\pb\source\repos\pdbg\pdbg\debugger.h(25): note: see reference to function template instantiation 'std::shared_ptr<DebugEventHandler> std::make_shared<DebugEventHandler,std::shared_ptr<EventBus>&,std::shared_ptr<ResourceManager>&>(std::shared_ptr<EventBus> &,std::shared_ptr<ResourceManager> &)' being compiled
c:\program files\microsoft visual studio\2017\community\vc\tools\msvc\14.13.26128\include\memory(1858): error C2661: 'Debugger::Debugger': no overloaded function takes 2 arguments
  c:\program files\microsoft visual studio\2017\community\vc\tools\msvc\14.13.26128\include\memory(1922): note: see reference to function template instantiation 'std::_Ref_count_obj<_Ty>::_Ref_count_obj<std::shared_ptr<EventBus>&,std::shared_ptr<ResourceManager>&>(std::shared_ptr<EventBus> &,std::shared_ptr<ResourceManager> &)' being compiled
          with
          [
              _Ty=Debugger
          ]
  c:\program files\microsoft visual studio\2017\community\vc\tools\msvc\14.13.26128\include\memory(1923): note: see reference to function template instantiation 'std::_Ref_count_obj<_Ty>::_Ref_count_obj<std::shared_ptr<EventBus>&,std::shared_ptr<ResourceManager>&>(std::shared_ptr<EventBus> &,std::shared_ptr<ResourceManager> &)' being compiled
          with
          [
              _Ty=Debugger
          ]
  c:\users\pb\source\repos\pdbg\pdbg\pdbg.cpp(18): note: see reference to function template instantiation 'std::shared_ptr<Debugger> std::make_shared<Debugger,std::shared_ptr<EventBus>&,std::shared_ptr<ResourceManager>&>(std::shared_ptr<EventBus> &,std::shared_ptr<ResourceManager> &)' being compiled
  Generating Code...
